<?xml version="1.0" encoding="UTF-8"?>
<!-- Generated by org.testng.reporters.JUnitReportReporter -->
<testsuite hostname="DESKTOP-1HT4T1P" name="com.qa.test.RESTAPITestRunner" tests="1" failures="0" timestamp="3 May 2020 16:25:34 GMT" time="1.022" errors="0">
  <testcase name="testApi" time="1.022" classname="com.qa.test.RESTAPITestRunner"/>
</testsuite> <!-- com.qa.test.RESTAPITestRunner -->
